<?xml version="1.0" encoding="UTF-8" ?>
<testsuite tests="10" failures="0" name="test.dao.CatalogDaoTest" time="0.274" errors="0" skipped="0">
  <properties>
    <property name="java.runtime.name" value="OpenJDK Runtime Environment"/>
    <property name="java.vm.version" value="17.0.6+10"/>
    <property name="sun.boot.library.path" value="/opt/jdk-17.0.6+10/lib"/>
    <property name="maven.multiModuleProjectDirectory" value="/home/jwittouck/workspaces/univ-lille/sra1-2023/exercices/week2-data-layer-ecommerce"/>
    <property name="java.vm.vendor" value="Eclipse Adoptium"/>
    <property name="java.vendor.url" value="https://adoptium.net/"/>
    <property name="guice.disable.misplaced.annotation.check" value="true"/>
    <property name="path.separator" value=":"/>
    <property name="java.vm.name" value="OpenJDK 64-Bit Server VM"/>
    <property name="user.country" value="GB"/>
    <property name="sun.java.launcher" value="SUN_STANDARD"/>
    <property name="java.vm.specification.name" value="Java Virtual Machine Specification"/>
    <property name="user.dir" value="/home/jwittouck/workspaces/univ-lille/sra1-2023/exercices/week2-data-layer-ecommerce"/>
    <property name="java.vm.compressedOopsMode" value="Zero based"/>
    <property name="java.runtime.version" value="17.0.6+10"/>
    <property name="os.arch" value="amd64"/>
    <property name="java.io.tmpdir" value="/tmp"/>
    <property name="line.separator" value="
"/>
    <property name="java.vm.specification.vendor" value="Oracle Corporation"/>
    <property name="os.name" value="Linux"/>
    <property name="classworlds.conf" value="/opt/apache-maven-3.8.4/bin/m2.conf"/>
    <property name="sun.jnu.encoding" value="UTF-8"/>
    <property name="java.library.path" value="/usr/java/packages/lib:/usr/lib64:/lib64:/lib:/usr/lib"/>
    <property name="maven.conf" value="/opt/apache-maven-3.8.4/conf"/>
    <property name="jdk.debug" value="release"/>
    <property name="java.class.version" value="61.0"/>
    <property name="java.specification.name" value="Java Platform API Specification"/>
    <property name="sun.management.compiler" value="HotSpot 64-Bit Tiered Compilers"/>
    <property name="os.version" value="6.4.6-76060406-generic"/>
    <property name="library.jansi.path" value="/opt/apache-maven-3.8.4/lib/jansi-native"/>
    <property name="user.home" value="/home/jwittouck"/>
    <property name="user.timezone" value="Europe/Paris"/>
    <property name="file.encoding" value="UTF-8"/>
    <property name="java.specification.version" value="17"/>
    <property name="user.name" value="jwittouck"/>
    <property name="java.class.path" value="/opt/apache-maven-3.8.4/boot/plexus-classworlds-2.6.0.jar"/>
    <property name="java.vm.specification.version" value="17"/>
    <property name="sun.arch.data.model" value="64"/>
    <property name="sun.java.command" value="org.codehaus.plexus.classworlds.launcher.Launcher clean verify"/>
    <property name="java.home" value="/opt/jdk-17.0.6+10"/>
    <property name="user.language" value="en"/>
    <property name="java.specification.vendor" value="Oracle Corporation"/>
    <property name="java.vm.info" value="mixed mode, sharing"/>
    <property name="java.version" value="17.0.6"/>
    <property name="native.encoding" value="UTF-8"/>
    <property name="java.vendor" value="Eclipse Adoptium"/>
    <property name="sun.stderr.encoding" value="UTF-8"/>
    <property name="maven.home" value="/opt/apache-maven-3.8.4"/>
    <property name="file.separator" value="/"/>
    <property name="java.version.date" value="2023-01-17"/>
    <property name="java.vendor.url.bug" value="https://github.com/adoptium/adoptium-support/issues"/>
    <property name="sun.io.unicode.encoding" value="UnicodeLittle"/>
    <property name="sun.cpu.endian" value="little"/>
    <property name="java.vendor.version" value="Temurin-17.0.6+10"/>
    <property name="sun.stdout.encoding" value="UTF-8"/>
  </properties>
  <testcase classname="test.dao.CatalogDaoTest" name="test_getArticleCategories_match" time="0.198"/>
  <testcase classname="test.dao.CatalogDaoTest" name="test_getCategories" time="0.009"/>
  <testcase classname="test.dao.CatalogDaoTest" name="test_getCategoryContent_match" time="0.007"/>
  <testcase classname="test.dao.CatalogDaoTest" name="test_getArticleCategories_none" time="0.003"/>
  <testcase classname="test.dao.CatalogDaoTest" name="test_getArticleCategories_null" time="0.002"/>
  <testcase classname="test.dao.CatalogDaoTest" name="test_getPerished_tooMany" time="0.036"/>
  <testcase classname="test.dao.CatalogDaoTest" name="test_getCategoryContent_none" time="0.002"/>
  <testcase classname="test.dao.CatalogDaoTest" name="test_getCategoryContent_null" time="0.001"/>
  <testcase classname="test.dao.CatalogDaoTest" name="test_getPerished_none" time="0.005"/>
  <testcase classname="test.dao.CatalogDaoTest" name="test_getPerished_some" time="0.011"/>
</testsuite>